apiVersion: project.openshift.io/v1
kind: Project
metadata:
  name: my-dummy-cp4i-new
spec:
  finalizers:
  - kubernetes
apiVersion: operators.coreos.com/v1alpha1
kind: CatalogSource
metadata:
  name: ibm-operator-catalog
  namespace: openshift-marketplace
spec:
  displayName: IBM Operator Catalog
  image: 'icr.io/cpopen/ibm-operator-catalog:latest'
  publisher: IBM
  sourceType: grpc
  updateStrategy:
    registryPoll:
      interval: 45m
docker-registry ibm-entitlement-key --docker-username=cp --docker-password=eyJ0eXAiOiJKV1QiLCJhbGciOiJIUzI1NiJ9.eyJpc3MiOiJJQk0gTWFya2V0cGxhY2UiLCJpYXQiOjE2MzE3MTgxNDksImp0aSI6Ijc5MzVlNjBiODhhMTRjYjE5MmM1NzNkYjUyMDc3ZmFkIn0.X2Uki_O-tPGLZNIbd6hWfcnO0RkPAMrsPP-zHKJcaoA --docker-server=cp.icr.io --namespace=my-dummy-cp4i-new
apiVersion: operators.coreos.com/v1
kind: OperatorGroup
metadata:
  name: ibm-cp4i-ope-gp
  namespace: my-dummy-cp4i-new
spec:
  targetNamespaces:
  - my-dummy-cp4i-new
apiVersion: operators.coreos.com/v1alpha1
kind: Subscription
metadata:
  name: ibm-cp4i-subs
  namespace: my-dummy-cp4i-new
spec:
  channel: v1.4
  installPlanApproval: Automatic
  name: ibm-cp-integration
  source: ibm-operator-catalog
  sourceNamespace: openshift-marketplace
  startingCSV: ibm-cp-integration.v1.4.0
apiVersion: integration.ibm.com/v1beta1
kind: PlatformNavigator
metadata:
  name: pn-cloudpak-instance
  namespace: my-dummy-cp4i-new
spec:
  license:
    accept: true
    license: L-RJON-C5CSNH
  mqDashboard: true
  replicas: 1
  storage: 
    class: ibmc-file-gold-gid
  version: 2021.3.1
apiVersion: project.openshift.io/v1
kind: Project
metadata:
  name: my-dummy-cp4i-new2
spec:
  finalizers:
  - kubernetes
apiVersion: operators.coreos.com/v1alpha1
kind: CatalogSource
metadata:
  name: ibm-operator-catalog
  namespace: openshift-marketplace
spec:
  displayName: IBM Operator Catalog
  image: 'icr.io/cpopen/ibm-operator-catalog:latest'
  publisher: IBM
  sourceType: grpc
  updateStrategy:
    registryPoll:
      interval: 45m
docker-registry ibm-entitlement-key --docker-username=cp --docker-password=eyJ0eXAiOiJKV1QiLCJhbGciOiJIUzI1NiJ9.eyJpc3MiOiJJQk0gTWFya2V0cGxhY2UiLCJpYXQiOjE2MzE3MTgxNDksImp0aSI6Ijc5MzVlNjBiODhhMTRjYjE5MmM1NzNkYjUyMDc3ZmFkIn0.X2Uki_O-tPGLZNIbd6hWfcnO0RkPAMrsPP-zHKJcaoA --docker-server=cp.icr.io --namespace=my-dummy-cp4i-new2
apiVersion: operators.coreos.com/v1
kind: OperatorGroup
metadata:
  name: ibm-cp4i-ope-gp
  namespace: my-dummy-cp4i-new2
spec:
  targetNamespaces:
  - my-dummy-cp4i-new2
apiVersion: operators.coreos.com/v1alpha1
kind: Subscription
metadata:
  name: ibm-cp4i-subs
  namespace: my-dummy-cp4i-new2
spec:
  channel: v1.4
  installPlanApproval: Automatic
  name: ibm-cp-integration
  source: ibm-operator-catalog
  sourceNamespace: openshift-marketplace
  startingCSV: ibm-cp-integration.v1.4.0
apiVersion: integration.ibm.com/v1beta1
kind: PlatformNavigator
metadata:
  name: pn-cloudpak-instance
  namespace: my-dummy-cp4i-new2
spec:
  license:
    accept: true
    license: L-RJON-C5CSNH
  mqDashboard: true
  replicas: 1
  storage: 
    class: ibmc-file-gold-gid
  version: 2021.3.1
apiVersion: project.openshift.io/v1
kind: Project
metadata:
  name: my-dummy-cp4i-new3
spec:
  finalizers:
  - kubernetes
apiVersion: operators.coreos.com/v1alpha1
kind: CatalogSource
metadata:
  name: ibm-operator-catalog
  namespace: openshift-marketplace
spec:
  displayName: IBM Operator Catalog
  image: 'icr.io/cpopen/ibm-operator-catalog:latest'
  publisher: IBM
  sourceType: grpc
  updateStrategy:
    registryPoll:
      interval: 45m
docker-registry ibm-entitlement-key --docker-username=cp --docker-password=eyJ0eXAiOiJKV1QiLCJhbGciOiJIUzI1NiJ9.eyJpc3MiOiJJQk0gTWFya2V0cGxhY2UiLCJpYXQiOjE2MzE3MTgxNDksImp0aSI6Ijc5MzVlNjBiODhhMTRjYjE5MmM1NzNkYjUyMDc3ZmFkIn0.X2Uki_O-tPGLZNIbd6hWfcnO0RkPAMrsPP-zHKJcaoA --docker-server=cp.icr.io --namespace=my-dummy-cp4i-new3
apiVersion: operators.coreos.com/v1
kind: OperatorGroup
metadata:
  name: ibm-cp4i-ope-gp
  namespace: my-dummy-cp4i-new3
spec:
  targetNamespaces:
  - my-dummy-cp4i-new3
apiVersion: operators.coreos.com/v1alpha1
kind: Subscription
metadata:
  name: ibm-cp4i-subs
  namespace: my-dummy-cp4i-new3
spec:
  channel: v1.4
  installPlanApproval: Automatic
  name: ibm-cp-integration
  source: ibm-operator-catalog
  sourceNamespace: openshift-marketplace
  startingCSV: ibm-cp-integration.v1.4.0
apiVersion: integration.ibm.com/v1beta1
kind: PlatformNavigator
metadata:
  name: pn-cloudpak-instance
  namespace: my-dummy-cp4i-new3
spec:
  license:
    accept: true
    license: L-RJON-C5CSNH
  mqDashboard: true
  replicas: 1
  storage: 
    class: ibmc-file-gold-gid
  version: 2021.3.1
apiVersion: project.openshift.io/v1
kind: Project
metadata:
  name: my-dummy-cp4i-new4
spec:
  finalizers:
  - kubernetes
apiVersion: operators.coreos.com/v1alpha1
kind: CatalogSource
metadata:
  name: ibm-operator-catalog
  namespace: openshift-marketplace
spec:
  displayName: IBM Operator Catalog
  image: 'icr.io/cpopen/ibm-operator-catalog:latest'
  publisher: IBM
  sourceType: grpc
  updateStrategy:
    registryPoll:
      interval: 45m
docker-registry ibm-entitlement-key --docker-username=cp --docker-password=eyJ0eXAiOiJKV1QiLCJhbGciOiJIUzI1NiJ9.eyJpc3MiOiJJQk0gTWFya2V0cGxhY2UiLCJpYXQiOjE2MzE3MTgxNDksImp0aSI6Ijc5MzVlNjBiODhhMTRjYjE5MmM1NzNkYjUyMDc3ZmFkIn0.X2Uki_O-tPGLZNIbd6hWfcnO0RkPAMrsPP-zHKJcaoA --docker-server=cp.icr.io --namespace=my-dummy-cp4i-new4
apiVersion: project.openshift.io/v1
kind: Project
metadata:
  name: my-dummy-cp4i-new4
spec:
  finalizers:
  - kubernetes
apiVersion: operators.coreos.com/v1alpha1
kind: CatalogSource
metadata:
  name: ibm-operator-catalog
  namespace: openshift-marketplace
spec:
  displayName: IBM Operator Catalog
  image: 'icr.io/cpopen/ibm-operator-catalog:latest'
  publisher: IBM
  sourceType: grpc
  updateStrategy:
    registryPoll:
      interval: 45m
docker-registry ibm-entitlement-key --docker-username=cp --docker-password=eyJ0eXAiOiJKV1QiLCJhbGciOiJIUzI1NiJ9.eyJpc3MiOiJJQk0gTWFya2V0cGxhY2UiLCJpYXQiOjE2MzE3MTgxNDksImp0aSI6Ijc5MzVlNjBiODhhMTRjYjE5MmM1NzNkYjUyMDc3ZmFkIn0.X2Uki_O-tPGLZNIbd6hWfcnO0RkPAMrsPP-zHKJcaoA --docker-server=cp.icr.io --namespace=my-dummy-cp4i-new4
apiVersion: operators.coreos.com/v1
kind: OperatorGroup
metadata:
  name: ibm-cp4i-ope-gp
  namespace: my-dummy-cp4i-new4
spec:
  targetNamespaces:
  - my-dummy-cp4i-new4
apiVersion: operators.coreos.com/v1alpha1
kind: Subscription
metadata:
  name: ibm-cp4i-subs
  namespace: my-dummy-cp4i-new4
spec:
  channel: v1.4
  installPlanApproval: Automatic
  name: ibm-cp-integration
  source: ibm-operator-catalog
  sourceNamespace: openshift-marketplace
  startingCSV: ibm-cp-integration.v1.4.0
apiVersion: integration.ibm.com/v1beta1
kind: PlatformNavigator
metadata:
  name: pn-cloudpak-instance
  namespace: my-dummy-cp4i-new4
spec:
  license:
    accept: true
    license: L-RJON-C5CSNH
  mqDashboard: true
  replicas: 1
  storage: 
    class: ibmc-file-gold-gid
  version: 2021.3.1
apiVersion: project.openshift.io/v1
kind: Project
metadata:
  name: my-dummy-cp4i-new5
spec:
  finalizers:
  - kubernetes
apiVersion: operators.coreos.com/v1alpha1
kind: CatalogSource
metadata:
  name: ibm-operator-catalog
  namespace: openshift-marketplace
spec:
  displayName: IBM Operator Catalog
  image: 'icr.io/cpopen/ibm-operator-catalog:latest'
  publisher: IBM
  sourceType: grpc
  updateStrategy:
    registryPoll:
      interval: 45m
docker-registry ibm-entitlement-key --docker-username=cp --docker-password=eyJ0eXAiOiJKV1QiLCJhbGciOiJIUzI1NiJ9.eyJpc3MiOiJJQk0gTWFya2V0cGxhY2UiLCJpYXQiOjE2MzE3MTgxNDksImp0aSI6Ijc5MzVlNjBiODhhMTRjYjE5MmM1NzNkYjUyMDc3ZmFkIn0.X2Uki_O-tPGLZNIbd6hWfcnO0RkPAMrsPP-zHKJcaoA --docker-server=cp.icr.io --namespace=my-dummy-cp4i-new5
apiVersion: operators.coreos.com/v1
kind: OperatorGroup
metadata:
  name: ibm-cp4i-ope-gp
  namespace: my-dummy-cp4i-new5
spec:
  targetNamespaces:
  - my-dummy-cp4i-new5
apiVersion: operators.coreos.com/v1alpha1
kind: Subscription
metadata:
  name: ibm-cp4i-subs
  namespace: my-dummy-cp4i-new5
spec:
  channel: v1.4
  installPlanApproval: Automatic
  name: ibm-cp-integration
  source: ibm-operator-catalog
  sourceNamespace: openshift-marketplace
  startingCSV: ibm-cp-integration.v1.4.0
apiVersion: integration.ibm.com/v1beta1
kind: PlatformNavigator
metadata:
  name: pn-cloudpak-instance
  namespace: my-dummy-cp4i-new5
spec:
  license:
    accept: true
    license: L-RJON-C5CSNH
  mqDashboard: true
  replicas: 1
  storage: 
    class: ibmc-file-gold-gid
  version: 2021.3.1


